<?xml version="1.0" encoding="UTF-8"?>
<testsuite xmlns:xsi="http://www.w3.org/2001/XMLSchema-instance" xsi:noNamespaceSchemaLocation="https://maven.apache.org/surefire/maven-surefire-plugin/xsd/surefire-test-report-3.0.xsd" version="3.0" name="TestSuite" time="42.598" tests="2" errors="0" skipped="0" failures="0">
  <properties>
[...]
</properties>
  <testcase name="TextBoxTest" classname="TestCases.TC_0001_TextBox" time="28.333">
    <system-out><![CDATA[2022-11-07 19:27:00,623 main DEBUG Apache Log4j Core 2.15.0 initializing configuration XmlConfiguration[location=C:\Users\Dima\Desktop\ToolsQaProject\target\classes\log4j2.xml]
2022-11-07 19:27:00,631 main DEBUG Installed 0 script engines
2022-11-07 19:27:00,632 main DEBUG PluginManager 'Core' found 127 plugins
2022-11-07 19:27:00,633 main DEBUG PluginManager 'Level' found 0 plugins
2022-11-07 19:27:00,637 main DEBUG PluginManager 'Lookup' found 16 plugins
2022-11-07 19:27:00,640 main DEBUG Building Plugin[name=layout, class=org.apache.logging.log4j.core.layout.PatternLayout].
2022-11-07 19:27:00,657 main DEBUG PluginManager 'TypeConverter' found 26 plugins
2022-11-07 19:27:00,677 main DEBUG PatternLayout$Builder(pattern="%d{HH:mm:ss.SSS} [%t] %-5level %logger{36} - %msg%n", PatternSelector=null, Configuration(C:\Users\Dima\Desktop\ToolsQaProject\target\classes\log4j2.xml), Replace=null, charset="null", alwaysWriteExceptions="null", disableAnsi="null", noConsoleNoAnsi="null", header="null", footer="null")
2022-11-07 19:27:00,678 main DEBUG PluginManager 'Converter' found 45 plugins
2022-11-07 19:27:00,682 main DEBUG Building Plugin[name=appender, class=org.apache.logging.log4j.core.appender.ConsoleAppender].
2022-11-07 19:27:00,694 main DEBUG ConsoleAppender$Builder(target="SYSTEM_OUT", follow="null", direct="null", bufferedIo="null", bufferSize="null", immediateFlush="null", ignoreExceptions="null", PatternLayout(%d{HH:mm:ss.SSS} [%t] %-5level %logger{36} - %msg%n), name="LogToConsole", Configuration(C:\Users\Dima\Desktop\ToolsQaProject\target\classes\log4j2.xml), Filter=null, ={})
2022-11-07 19:27:00,697 main DEBUG Starting OutputStreamManager SYSTEM_OUT.false.false
2022-11-07 19:27:00,698 main DEBUG Building Plugin[name=layout, class=org.apache.logging.log4j.core.layout.PatternLayout].
2022-11-07 19:27:00,699 main DEBUG PatternLayout$Builder(pattern="%d %p %c{1.} [%t] %m%n", PatternSelector=null, Configuration(C:\Users\Dima\Desktop\ToolsQaProject\target\classes\log4j2.xml), Replace=null, charset="null", alwaysWriteExceptions="null", disableAnsi="null", noConsoleNoAnsi="null", header="null", footer="null")
2022-11-07 19:27:00,719 main DEBUG Building Plugin[name=appender, class=org.apache.logging.log4j.core.appender.FileAppender].
2022-11-07 19:27:00,723 main DEBUG FileAppender$Builder(fileName="logs/app.log", append="null", locking="null", advertise="null", advertiseUri="null", createOnDemand="null", filePermissions="null", fileOwner="null", fileGroup="null", bufferedIo="null", bufferSize="null", immediateFlush="null", ignoreExceptions="null", PatternLayout(%d %p %c{1.} [%t] %m%n), name="LogToFile", Configuration(C:\Users\Dima\Desktop\ToolsQaProject\target\classes\log4j2.xml), Filter=null, ={})
2022-11-07 19:27:00,727 main DEBUG Starting FileManager logs/app.log
2022-11-07 19:27:00,728 main DEBUG Building Plugin[name=appenders, class=org.apache.logging.log4j.core.config.AppendersPlugin].
2022-11-07 19:27:00,728 main DEBUG createAppenders(={LogToConsole, LogToFile})
2022-11-07 19:27:00,729 main DEBUG Building Plugin[name=AppenderRef, class=org.apache.logging.log4j.core.config.AppenderRef].
2022-11-07 19:27:00,734 main DEBUG createAppenderRef(ref="LogToFile", level="null", Filter=null)
2022-11-07 19:27:00,734 main DEBUG Building Plugin[name=AppenderRef, class=org.apache.logging.log4j.core.config.AppenderRef].
2022-11-07 19:27:00,735 main DEBUG createAppenderRef(ref="LogToConsole", level="null", Filter=null)
2022-11-07 19:27:00,735 main DEBUG Building Plugin[name=logger, class=org.apache.logging.log4j.core.config.LoggerConfig].
2022-11-07 19:27:00,738 main DEBUG createLogger(additivity="false", level="DEBUG", name="com.mkyong", includeLocation="null", ={LogToFile, LogToConsole}, ={}, Configuration(C:\Users\Dima\Desktop\ToolsQaProject\target\classes\log4j2.xml), Filter=null)
2022-11-07 19:27:00,741 main DEBUG Building Plugin[name=AppenderRef, class=org.apache.logging.log4j.core.config.AppenderRef].
2022-11-07 19:27:00,743 main DEBUG createAppenderRef(ref="LogToConsole", level="null", Filter=null)
2022-11-07 19:27:00,743 main DEBUG Building Plugin[name=logger, class=org.apache.logging.log4j.core.config.LoggerConfig].
2022-11-07 19:27:00,744 main DEBUG createLogger(additivity="false", level="INFO", name="org.springframework.boot", includeLocation="null", ={LogToConsole}, ={}, Configuration(C:\Users\Dima\Desktop\ToolsQaProject\target\classes\log4j2.xml), Filter=null)
2022-11-07 19:27:00,744 main DEBUG Building Plugin[name=AppenderRef, class=org.apache.logging.log4j.core.config.AppenderRef].
2022-11-07 19:27:00,747 main DEBUG createAppenderRef(ref="LogToFile", level="null", Filter=null)
2022-11-07 19:27:00,747 main DEBUG Building Plugin[name=AppenderRef, class=org.apache.logging.log4j.core.config.AppenderRef].
2022-11-07 19:27:00,748 main DEBUG createAppenderRef(ref="LogToConsole", level="null", Filter=null)
2022-11-07 19:27:00,749 main DEBUG Building Plugin[name=root, class=org.apache.logging.log4j.core.config.LoggerConfig$RootLogger].
2022-11-07 19:27:00,750 main DEBUG createLogger(additivity="null", level="INFO", includeLocation="null", ={LogToFile, LogToConsole}, ={}, Configuration(C:\Users\Dima\Desktop\ToolsQaProject\target\classes\log4j2.xml), Filter=null)
2022-11-07 19:27:00,751 main DEBUG Building Plugin[name=loggers, class=org.apache.logging.log4j.core.config.LoggersPlugin].
2022-11-07 19:27:00,753 main DEBUG createLoggers(={com.mkyong, org.springframework.boot, root})
2022-11-07 19:27:00,755 main DEBUG Configuration XmlConfiguration[location=C:\Users\Dima\Desktop\ToolsQaProject\target\classes\log4j2.xml] initialized
2022-11-07 19:27:00,756 main DEBUG Starting configuration XmlConfiguration[location=C:\Users\Dima\Desktop\ToolsQaProject\target\classes\log4j2.xml]
2022-11-07 19:27:00,756 main DEBUG Started configuration XmlConfiguration[location=C:\Users\Dima\Desktop\ToolsQaProject\target\classes\log4j2.xml] OK.
2022-11-07 19:27:00,757 main DEBUG Shutting down OutputStreamManager SYSTEM_OUT.false.false-1
2022-11-07 19:27:00,758 main DEBUG OutputStream closed
2022-11-07 19:27:00,758 main DEBUG Shut down OutputStreamManager SYSTEM_OUT.false.false-1, all resources released: true
2022-11-07 19:27:00,759 main DEBUG Appender DefaultConsole-1 stopped with status true
2022-11-07 19:27:00,759 main DEBUG Stopped org.apache.logging.log4j.core.config.DefaultConfiguration@544fa968 OK
2022-11-07 19:27:00,878 main DEBUG Registering MBean org.apache.logging.log4j2:type=2a139a55
2022-11-07 19:27:00,883 main DEBUG Registering MBean org.apache.logging.log4j2:type=2a139a55,component=StatusLogger
2022-11-07 19:27:00,885 main DEBUG Registering MBean org.apache.logging.log4j2:type=2a139a55,component=ContextSelector
2022-11-07 19:27:00,887 main DEBUG Registering MBean org.apache.logging.log4j2:type=2a139a55,component=Loggers,name=org.springframework.boot
2022-11-07 19:27:00,888 main DEBUG Registering MBean org.apache.logging.log4j2:type=2a139a55,component=Loggers,name=
2022-11-07 19:27:00,888 main DEBUG Registering MBean org.apache.logging.log4j2:type=2a139a55,component=Loggers,name=com.mkyong
2022-11-07 19:27:00,890 main DEBUG Registering MBean org.apache.logging.log4j2:type=2a139a55,component=Appenders,name=LogToConsole
2022-11-07 19:27:00,891 main DEBUG Registering MBean org.apache.logging.log4j2:type=2a139a55,component=Appenders,name=LogToFile
2022-11-07 19:27:00,893 main DEBUG org.apache.logging.log4j.core.util.SystemClock supports precise timestamps.
2022-11-07 19:27:00,893 main DEBUG Reconfiguration complete for context[name=2a139a55] at URI C:\Users\Dima\Desktop\ToolsQaProject\target\classes\log4j2.xml (org.apache.logging.log4j.core.LoggerContext@7f0d96f2) with optional ClassLoader: null
2022-11-07 19:27:00,894 main DEBUG Shutdown hook enabled. Registering a new one.
2022-11-07 19:27:00,895 main DEBUG LoggerContext[name=2a139a55, org.apache.logging.log4j.core.LoggerContext@7f0d96f2] started OK.
19:27:00.959 [main] INFO  PageObjects.BaseClass - Test is started
]]></system-out>
    <system-err><![CDATA[Starting ChromeDriver 107.0.5304.62 (1eec40d3a5764881c92085aaee66d25075c159aa-refs/branch-heads/5304@{#942}) on port 51899
Only local connections are allowed.
Please see https://chromedriver.chromium.org/security-considerations for suggestions on keeping ChromeDriver safe.
ChromeDriver was started successfully.
Nov 07, 2022 7:27:03 PM org.openqa.selenium.remote.ProtocolHandshake createSession
INFO: Detected upstream dialect: W3C
Nov 07, 2022 7:27:03 PM org.openqa.selenium.devtools.CdpVersionFinder findNearestMatch
WARNING: Unable to find an exact match for CDP version 107, so returning the closest version found: 104
Nov 07, 2022 7:27:03 PM org.openqa.selenium.devtools.CdpVersionFinder findNearestMatch
INFO: Found CDP implementation for version 107 of 104
]]></system-err>
  </testcase>
  <testcase name="CheckBoxTest" classname="TestCases.TC_0002_Checkbox" time="12.86">
    <system-err><![CDATA[Starting ChromeDriver 107.0.5304.62 (1eec40d3a5764881c92085aaee66d25075c159aa-refs/branch-heads/5304@{#942}) on port 51403
Only local connections are allowed.
Please see https://chromedriver.chromium.org/security-considerations for suggestions on keeping ChromeDriver safe.
ChromeDriver was started successfully.
Nov 07, 2022 7:27:30 PM org.openqa.selenium.remote.ProtocolHandshake createSession
INFO: Detected upstream dialect: W3C
Nov 07, 2022 7:27:30 PM org.openqa.selenium.devtools.CdpVersionFinder findNearestMatch
WARNING: Unable to find an exact match for CDP version 107, so returning the closest version found: 104
Nov 07, 2022 7:27:30 PM org.openqa.selenium.devtools.CdpVersionFinder findNearestMatch
INFO: Found CDP implementation for version 107 of 104
]]></system-err>
  </testcase>
</testsuite>